Using pre-set license
Built from '2020.3/staging' branch; Version is '2020.3.11f1 (99c7afb366b3) revision 10078127'; Using compiler version '192528614'; Build Type 'Release'
OS: 'Windows 10 Home; OS build 19043.1165; Version 2009; 64bit' Language: 'en' Physical Memory: 24417 MB
BatchMode: 1, IsHumanControllingUs: 0, StartBugReporterOnCrash: 0, Is64bit: 1, IsPro: 0

 COMMAND LINE ARGUMENTS:
C:\Program Files\Unity\Hub\Editor\2020.3.11f1\Editor\Unity.exe
-adb2
-batchMode
-noUpm
-name
AssetImportWorker0
-projectPath
E:/My unity projects/Arkanoid
-logFile
Logs/AssetImportWorker0.log
-srvPort
59439
Successfully changed project path to: E:/My unity projects/Arkanoid
E:/My unity projects/Arkanoid
Using Asset Import Pipeline V2.
Refreshing native plugins compatible for Editor in 60.53 ms, found 3 plugins.
Preloading 0 native plugins for Editor in 0.00 ms.
Initialize engine version: 2020.3.11f1 (99c7afb366b3)
[Subsystems] Discovering subsystems at path C:/Program Files/Unity/Hub/Editor/2020.3.11f1/Editor/Data/Resources/UnitySubsystems
[Subsystems] Discovering subsystems at path E:/My unity projects/Arkanoid/Assets
GfxDevice: creating device client; threaded=0
Direct3D:
    Version:  Direct3D 11.0 [level 11.1]
    Renderer: NVIDIA GeForce RTX 2060 (ID=0x1f15)
    Vendor:   
    VRAM:     5980 MB
    Driver:   30.0.14.7196
Initialize mono
Mono path[0] = 'C:/Program Files/Unity/Hub/Editor/2020.3.11f1/Editor/Data/Managed'
Mono path[1] = 'C:/Program Files/Unity/Hub/Editor/2020.3.11f1/Editor/Data/MonoBleedingEdge/lib/mono/unityjit'
Mono config path = 'C:/Program Files/Unity/Hub/Editor/2020.3.11f1/Editor/Data/MonoBleedingEdge/etc'
Using monoOptions --debugger-agent=transport=dt_socket,embedding=1,server=y,suspend=n,address=127.0.0.1:56284
Begin MonoManager ReloadAssembly
Registering precompiled unity dll's ...
Register platform support module: C:/Program Files/Unity/Hub/Editor/2020.3.11f1/Editor/Data/PlaybackEngines/WebGLSupport/UnityEditor.WebGL.Extensions.dll
Register platform support module: C:/Program Files/Unity/Hub/Editor/2020.3.11f1/Editor/Data/PlaybackEngines/WindowsStandaloneSupport/UnityEditor.WindowsStandalone.Extensions.dll
Registered in 0.022290 seconds.
Native extension for WindowsStandalone target not found
Native extension for WebGL target not found
Refreshing native plugins compatible for Editor in 31.85 ms, found 3 plugins.
Preloading 0 native plugins for Editor in 0.00 ms.
Mono: successfully reloaded assembly
- Completed reload, in  2.937 seconds
Platform modules already initialized, skipping
Registering precompiled user dll's ...
Registered in 0.189273 seconds.
Begin MonoManager ReloadAssembly
Native extension for WindowsStandalone target not found
Native extension for WebGL target not found
Refreshing native plugins compatible for Editor in 34.82 ms, found 3 plugins.
Preloading 0 native plugins for Editor in 0.00 ms.
Mono: successfully reloaded assembly
- Completed reload, in  1.704 seconds
Platform modules already initialized, skipping
========================================================================
Worker process is ready to serve import requests
Launched and connected shader compiler UnityShaderCompiler.exe after 0.06 seconds
Refreshing native plugins compatible for Editor in 0.41 ms, found 3 plugins.
Preloading 0 native plugins for Editor in 0.00 ms.
Unloading 2080 Unused Serialized files (Serialized files now loaded: 0)
System memory in use before: 92.8 MB.
System memory in use after: 92.8 MB.

Unloading 33 unused Assets to reduce memory usage. Loaded Objects now: 2513.
Total: 2.311000 ms (FindLiveObjects: 0.187800 ms CreateObjectMapping: 0.066700 ms MarkObjects: 1.942700 ms  DeleteObjects: 0.112900 ms)

========================================================================
Received Import Request.
  path: Assets/MdsL7M4_d.webp
  artifactKey: Guid(05c57418f0c19594ca16881f4e5de4e7) Importer(815301076,1909f56bfc062723c751e8b465ee728b)
Start importing Assets/MdsL7M4_d.webp using Guid(05c57418f0c19594ca16881f4e5de4e7) Importer(815301076,1909f56bfc062723c751e8b465ee728b)  -> (artifact id: '3650a890ba1e243c43e59952f4ad211d') in 0.066467 seconds
  Import took 0.069350 seconds .

========================================================================
Received Import Request.
  Time since last request: 186.566964 seconds.
  path: Assets/mz0kBj1_d.webp
  artifactKey: Guid(30b62dca8eea8e14d9c43e3e7de8c9bc) Importer(815301076,1909f56bfc062723c751e8b465ee728b)
Start importing Assets/mz0kBj1_d.webp using Guid(30b62dca8eea8e14d9c43e3e7de8c9bc) Importer(815301076,1909f56bfc062723c751e8b465ee728b)  -> (artifact id: '0362a75e5cbca95cde1b577c0b0028ca') in 0.001888 seconds
  Import took 0.005013 seconds .

========================================================================
Received Import Request.
  Time since last request: 0.002124 seconds.
  path: Assets/mz0kBj1_d.webp
  artifactKey: Guid(30b62dca8eea8e14d9c43e3e7de8c9bc) Importer(815301076,1909f56bfc062723c751e8b465ee728b)
Start importing Assets/mz0kBj1_d.webp using Guid(30b62dca8eea8e14d9c43e3e7de8c9bc) Importer(815301076,1909f56bfc062723c751e8b465ee728b)  -> (artifact id: '0362a75e5cbca95cde1b577c0b0028ca') in 0.001845 seconds
  Import took 0.005323 seconds .

========================================================================
Received Import Request.
  Time since last request: 2.522673 seconds.
  path: Assets/xIqZLzL_d.webp
  artifactKey: Guid(a8b51831d05ed8d4689518db549bd41d) Importer(815301076,1909f56bfc062723c751e8b465ee728b)
Start importing Assets/xIqZLzL_d.webp using Guid(a8b51831d05ed8d4689518db549bd41d) Importer(815301076,1909f56bfc062723c751e8b465ee728b)  -> (artifact id: 'df25f284c79056a2c06b3fe1192c5ff6') in 0.003037 seconds
  Import took 0.008426 seconds .

========================================================================
Received Import Request.
  Time since last request: 0.001487 seconds.
  path: Assets/xIqZLzL_d.webp
  artifactKey: Guid(a8b51831d05ed8d4689518db549bd41d) Importer(815301076,1909f56bfc062723c751e8b465ee728b)
Start importing Assets/xIqZLzL_d.webp using Guid(a8b51831d05ed8d4689518db549bd41d) Importer(815301076,1909f56bfc062723c751e8b465ee728b)  -> (artifact id: 'df25f284c79056a2c06b3fe1192c5ff6') in 0.002805 seconds
  Import took 0.008134 seconds .

========================================================================
Received Import Request.
  Time since last request: 299.747186 seconds.
  path: Assets/Scenes
  artifactKey: Guid(d208c79e7fe7ec44f9968f58fd0bc21b) Importer(815301076,1909f56bfc062723c751e8b465ee728b)
Start importing Assets/Scenes using Guid(d208c79e7fe7ec44f9968f58fd0bc21b) Importer(815301076,1909f56bfc062723c751e8b465ee728b)  -> (artifact id: '05951359afba8fe20f74e67f634f6c59') in 0.002432 seconds
  Import took 0.007314 seconds .

========================================================================
Received Import Request.
  Time since last request: 0.000935 seconds.
  path: Assets/Scenes
  artifactKey: Guid(d208c79e7fe7ec44f9968f58fd0bc21b) Importer(815301076,1909f56bfc062723c751e8b465ee728b)
Start importing Assets/Scenes using Guid(d208c79e7fe7ec44f9968f58fd0bc21b) Importer(815301076,1909f56bfc062723c751e8b465ee728b)  -> (artifact id: '05951359afba8fe20f74e67f634f6c59') in 0.002344 seconds
  Import took 0.006425 seconds .

========================================================================
Received Import Request.
  Time since last request: 179.771810 seconds.
  path: Assets/Scenes/MdsL7M4_d.webp
  artifactKey: Guid(b388b5849103dc941bc4d81980a32d00) Importer(815301076,1909f56bfc062723c751e8b465ee728b)
Start importing Assets/Scenes/MdsL7M4_d.webp using Guid(b388b5849103dc941bc4d81980a32d00) Importer(815301076,1909f56bfc062723c751e8b465ee728b)  -> (artifact id: '2d8dbdb6bcb186f2745b8ca3ff36d071') in 0.001650 seconds
  Import took 0.005215 seconds .

========================================================================
Received Import Request.
  Time since last request: 0.001598 seconds.
  path: Assets/Scenes/MdsL7M4_d.webp
  artifactKey: Guid(b388b5849103dc941bc4d81980a32d00) Importer(815301076,1909f56bfc062723c751e8b465ee728b)
Start importing Assets/Scenes/MdsL7M4_d.webp using Guid(b388b5849103dc941bc4d81980a32d00) Importer(815301076,1909f56bfc062723c751e8b465ee728b)  -> (artifact id: '2d8dbdb6bcb186f2745b8ca3ff36d071') in 0.001738 seconds
  Import took 0.004868 seconds .

========================================================================
Received Import Request.
  Time since last request: 13.288668 seconds.
  path: Packages/com.unity.2d.sprite
  artifactKey: Guid(0901a6b758d060e9422c4f8d588d5895) Importer(815301076,1909f56bfc062723c751e8b465ee728b)
Start importing Packages/com.unity.2d.sprite using Guid(0901a6b758d060e9422c4f8d588d5895) Importer(815301076,1909f56bfc062723c751e8b465ee728b)  -> (artifact id: '1ac9f0859ed1eccac4506b3b2480e9d0') in 0.001401 seconds
  Import took 0.004089 seconds .

========================================================================
Received Import Request.
  Time since last request: 0.004348 seconds.
  path: Packages/com.unity.2d.sprite
  artifactKey: Guid(0901a6b758d060e9422c4f8d588d5895) Importer(815301076,1909f56bfc062723c751e8b465ee728b)
Start importing Packages/com.unity.2d.sprite using Guid(0901a6b758d060e9422c4f8d588d5895) Importer(815301076,1909f56bfc062723c751e8b465ee728b)  -> (artifact id: '1ac9f0859ed1eccac4506b3b2480e9d0') in 0.001226 seconds
  Import took 0.004293 seconds .

========================================================================
Received Import Request.
  Time since last request: 0.063891 seconds.
  path: Packages/com.unity.2d.sprite/package.json
  artifactKey: Guid(7dc5f1e5d04ac8549ac21802071e983b) Importer(815301076,1909f56bfc062723c751e8b465ee728b)
Start importing Packages/com.unity.2d.sprite/package.json using Guid(7dc5f1e5d04ac8549ac21802071e983b) Importer(815301076,1909f56bfc062723c751e8b465ee728b)  -> (artifact id: 'ff87128bdf6981a9843158b29f26b2df') in 0.013878 seconds
  Import took 0.016906 seconds .

========================================================================
Received Import Request.
  Time since last request: 7.667389 seconds.
  path: Packages/com.unity.2d.animation
  artifactKey: Guid(bb5c94055a953b6081dfc49350569eb1) Importer(815301076,1909f56bfc062723c751e8b465ee728b)
Start importing Packages/com.unity.2d.animation using Guid(bb5c94055a953b6081dfc49350569eb1) Importer(815301076,1909f56bfc062723c751e8b465ee728b)  -> (artifact id: '09fa518512abe465e781a54efa05d46a') in 0.001330 seconds
  Import took 0.004298 seconds .

========================================================================
Received Import Request.
  Time since last request: 0.003605 seconds.
  path: Packages/com.unity.2d.animation
  artifactKey: Guid(bb5c94055a953b6081dfc49350569eb1) Importer(815301076,1909f56bfc062723c751e8b465ee728b)
Start importing Packages/com.unity.2d.animation using Guid(bb5c94055a953b6081dfc49350569eb1) Importer(815301076,1909f56bfc062723c751e8b465ee728b)  -> (artifact id: '09fa518512abe465e781a54efa05d46a') in 0.001227 seconds
  Import took 0.004126 seconds .

========================================================================
Received Import Request.
  Time since last request: 441.984036 seconds.
  path: Assets/Arkanoid Background.png
  artifactKey: Guid(e66a3accd0fc77a45b548817f94046f6) Importer(815301076,1909f56bfc062723c751e8b465ee728b)
Start importing Assets/Arkanoid Background.png using Guid(e66a3accd0fc77a45b548817f94046f6) Importer(815301076,1909f56bfc062723c751e8b465ee728b)  -> (artifact id: '6a2ea590514719478d66be3be888c838') in 0.077180 seconds
  Import took 0.081555 seconds .

========================================================================
Received Import Request.
  Time since last request: 137.539283 seconds.
  path: Assets/Arkanoid Border 1.png
  artifactKey: Guid(286a337ac46f98e4484f44f72370901b) Importer(815301076,1909f56bfc062723c751e8b465ee728b)
Start importing Assets/Arkanoid Border 1.png using Guid(286a337ac46f98e4484f44f72370901b) Importer(815301076,1909f56bfc062723c751e8b465ee728b)  -> (artifact id: '71c4782b0f7d8c5fbae562fcbcb9c5a7') in 0.010507 seconds
  Import took 0.013587 seconds .

========================================================================
Received Import Request.
  Time since last request: 68.069485 seconds.
  path: Assets/Left Border.png
  artifactKey: Guid(b63cb63998f911d4eb68dc6ae84d914e) Importer(815301076,1909f56bfc062723c751e8b465ee728b)
Start importing Assets/Left Border.png using Guid(b63cb63998f911d4eb68dc6ae84d914e) Importer(815301076,1909f56bfc062723c751e8b465ee728b)  -> (artifact id: '16cc656f0cb850051b073adbbfbf2fe7') in 0.010625 seconds
  Import took 0.014652 seconds .

========================================================================
Received Import Request.
  Time since last request: 40.211739 seconds.
  path: Assets/Top Border.png
  artifactKey: Guid(47a10df0c20d8eb4c84f5ca443ee9c7e) Importer(815301076,1909f56bfc062723c751e8b465ee728b)
Start importing Assets/Top Border.png using Guid(47a10df0c20d8eb4c84f5ca443ee9c7e) Importer(815301076,1909f56bfc062723c751e8b465ee728b)  -> (artifact id: '54ddef5eb5d3d532bb797ca6cde17bc9') in 0.014735 seconds
  Import took 0.019245 seconds .

========================================================================
Received Import Request.
  Time since last request: 0.005834 seconds.
  path: Assets/Top Border.png
  artifactKey: Guid(47a10df0c20d8eb4c84f5ca443ee9c7e) Importer(815301076,1909f56bfc062723c751e8b465ee728b)
Start importing Assets/Top Border.png using Guid(47a10df0c20d8eb4c84f5ca443ee9c7e) Importer(815301076,1909f56bfc062723c751e8b465ee728b)  -> (artifact id: '54ddef5eb5d3d532bb797ca6cde17bc9') in 0.009348 seconds
  Import took 0.013722 seconds .

========================================================================
Received Import Request.
  Time since last request: 71.459072 seconds.
  path: Assets/Arkanoid Background.png
  artifactKey: Guid(e66a3accd0fc77a45b548817f94046f6) Importer(815301076,1909f56bfc062723c751e8b465ee728b)
Start importing Assets/Arkanoid Background.png using Guid(e66a3accd0fc77a45b548817f94046f6) Importer(815301076,1909f56bfc062723c751e8b465ee728b)  -> (artifact id: '662e6224fde90ecca929d50e39c97841') in 0.012615 seconds
  Import took 0.015885 seconds .

========================================================================
Received Import Request.
  Time since last request: 138.082206 seconds.
  path: Assets/RightBorder.png
  artifactKey: Guid(286a337ac46f98e4484f44f72370901b) Importer(815301076,1909f56bfc062723c751e8b465ee728b)
Start importing Assets/RightBorder.png using Guid(286a337ac46f98e4484f44f72370901b) Importer(815301076,1909f56bfc062723c751e8b465ee728b)  -> (artifact id: 'e2f5e38f56b3b06a5f623a54efcf3df6') in 0.010665 seconds
  Import took 0.013669 seconds .

========================================================================
Received Prepare
Registering precompiled user dll's ...
Registered in 0.003340 seconds.
Begin MonoManager ReloadAssembly
Native extension for WindowsStandalone target not found
Native extension for WebGL target not found
Refreshing native plugins compatible for Editor in 0.64 ms, found 3 plugins.
Preloading 0 native plugins for Editor in 0.00 ms.
Mono: successfully reloaded assembly
- Completed reload, in  0.886 seconds
Platform modules already initialized, skipping
Refreshing native plugins compatible for Editor in 0.40 ms, found 3 plugins.
Preloading 0 native plugins for Editor in 0.00 ms.
Unloading 2075 Unused Serialized files (Serialized files now loaded: 0)
System memory in use before: 95.8 MB.
System memory in use after: 95.7 MB.

Unloading 21 unused Assets to reduce memory usage. Loaded Objects now: 2527.
Total: 2.002700 ms (FindLiveObjects: 0.160800 ms CreateObjectMapping: 0.066900 ms MarkObjects: 1.638200 ms  DeleteObjects: 0.136100 ms)

========================================================================
Received Prepare
Registering precompiled user dll's ...
Registered in 0.003181 seconds.
Begin MonoManager ReloadAssembly
Native extension for WindowsStandalone target not found
Native extension for WebGL target not found
Refreshing native plugins compatible for Editor in 0.49 ms, found 3 plugins.
Preloading 0 native plugins for Editor in 0.00 ms.
Mono: successfully reloaded assembly
- Completed reload, in  0.938 seconds
Platform modules already initialized, skipping
Refreshing native plugins compatible for Editor in 0.46 ms, found 3 plugins.
Preloading 0 native plugins for Editor in 0.00 ms.
Unloading 2075 Unused Serialized files (Serialized files now loaded: 0)
System memory in use before: 95.8 MB.
System memory in use after: 95.8 MB.

Unloading 21 unused Assets to reduce memory usage. Loaded Objects now: 2531.
Total: 2.135800 ms (FindLiveObjects: 0.205200 ms CreateObjectMapping: 0.080500 ms MarkObjects: 1.756600 ms  DeleteObjects: 0.092100 ms)

========================================================================
Received Prepare
Registering precompiled user dll's ...
Registered in 0.003256 seconds.
Begin MonoManager ReloadAssembly
Native extension for WindowsStandalone target not found
Native extension for WebGL target not found
Refreshing native plugins compatible for Editor in 0.51 ms, found 3 plugins.
Preloading 0 native plugins for Editor in 0.00 ms.
Mono: successfully reloaded assembly
- Completed reload, in  0.954 seconds
Platform modules already initialized, skipping
Refreshing native plugins compatible for Editor in 0.73 ms, found 3 plugins.
Preloading 0 native plugins for Editor in 0.00 ms.
Unloading 2075 Unused Serialized files (Serialized files now loaded: 0)
System memory in use before: 95.8 MB.
System memory in use after: 95.8 MB.

Unloading 21 unused Assets to reduce memory usage. Loaded Objects now: 2535.
Total: 2.803200 ms (FindLiveObjects: 0.362300 ms CreateObjectMapping: 0.097500 ms MarkObjects: 2.242800 ms  DeleteObjects: 0.099100 ms)

========================================================================
Received Import Request.
  Time since last request: 2649.656578 seconds.
  path: Assets
  artifactKey: Guid(00000000000000001000000000000000) Importer(815301076,1909f56bfc062723c751e8b465ee728b)
Start importing Assets using Guid(00000000000000001000000000000000) Importer(815301076,1909f56bfc062723c751e8b465ee728b)  -> (artifact id: '42d402b061de3733987d63b9cc3b64de') in 0.003762 seconds
  Import took 0.007580 seconds .

========================================================================
Received Import Request.
  Time since last request: 0.001151 seconds.
  path: Assets
  artifactKey: Guid(00000000000000001000000000000000) Importer(815301076,1909f56bfc062723c751e8b465ee728b)
Start importing Assets using Guid(00000000000000001000000000000000) Importer(815301076,1909f56bfc062723c751e8b465ee728b)  -> (artifact id: '42d402b061de3733987d63b9cc3b64de') in 0.001522 seconds
  Import took 0.004760 seconds .

========================================================================
Received Import Request.
  Time since last request: 55.134612 seconds.
  path: Assets/Top Border.physicsMaterial2D
  artifactKey: Guid(b05cd3d730669404a988d9e9c2ae1992) Importer(815301076,1909f56bfc062723c751e8b465ee728b)
Start importing Assets/Top Border.physicsMaterial2D using Guid(b05cd3d730669404a988d9e9c2ae1992) Importer(815301076,1909f56bfc062723c751e8b465ee728b)  -> (artifact id: '07a10d04e6939bb4ef3d4e290fe9ec97') in 0.013594 seconds
  Import took 0.017179 seconds .

========================================================================
Received Import Request.
  Time since last request: 0.002887 seconds.
  path: Assets/Top Border.physicsMaterial2D
  artifactKey: Guid(b05cd3d730669404a988d9e9c2ae1992) Importer(815301076,1909f56bfc062723c751e8b465ee728b)
Start importing Assets/Top Border.physicsMaterial2D using Guid(b05cd3d730669404a988d9e9c2ae1992) Importer(815301076,1909f56bfc062723c751e8b465ee728b)  -> (artifact id: '07a10d04e6939bb4ef3d4e290fe9ec97') in 0.001461 seconds
  Import took 0.004369 seconds .

========================================================================
Received Import Request.
  Time since last request: 59.522767 seconds.
  path: Assets/Left Border.physicsMaterial2D
  artifactKey: Guid(fc2aca214d077b845a7256a351316e44) Importer(815301076,1909f56bfc062723c751e8b465ee728b)
Start importing Assets/Left Border.physicsMaterial2D using Guid(fc2aca214d077b845a7256a351316e44) Importer(815301076,1909f56bfc062723c751e8b465ee728b)  -> (artifact id: '384bc27bd21c88c1a5c0f978396a570f') in 0.003265 seconds
  Import took 0.006606 seconds .

========================================================================
Received Import Request.
  Time since last request: 0.000810 seconds.
  path: Assets/Left Border.physicsMaterial2D
  artifactKey: Guid(fc2aca214d077b845a7256a351316e44) Importer(815301076,1909f56bfc062723c751e8b465ee728b)
Start importing Assets/Left Border.physicsMaterial2D using Guid(fc2aca214d077b845a7256a351316e44) Importer(815301076,1909f56bfc062723c751e8b465ee728b)  -> (artifact id: '384bc27bd21c88c1a5c0f978396a570f') in 0.001484 seconds
  Import took 0.004104 seconds .

========================================================================
Received Import Request.
  Time since last request: 22.569080 seconds.
  path: Assets/Right Border.physicsMaterial2D
  artifactKey: Guid(57d3c28741c2b2e47b5ce3dcae683f71) Importer(815301076,1909f56bfc062723c751e8b465ee728b)
Start importing Assets/Right Border.physicsMaterial2D using Guid(57d3c28741c2b2e47b5ce3dcae683f71) Importer(815301076,1909f56bfc062723c751e8b465ee728b)  -> (artifact id: '4c2136e0c33850ef6718135c87bd9f75') in 0.005966 seconds
  Import took 0.009168 seconds .

========================================================================
Received Import Request.
  Time since last request: 80.842181 seconds.
  path: Assets/LeftBorder.physicsMaterial2D
  artifactKey: Guid(fc2aca214d077b845a7256a351316e44) Importer(815301076,1909f56bfc062723c751e8b465ee728b)
Start importing Assets/LeftBorder.physicsMaterial2D using Guid(fc2aca214d077b845a7256a351316e44) Importer(815301076,1909f56bfc062723c751e8b465ee728b)  -> (artifact id: '84e08c15c670a24c53631e3c3c407e48') in 0.003560 seconds
  Import took 0.007338 seconds .

========================================================================
Received Import Request.
  Time since last request: 10.475571 seconds.
  path: Assets/RightBorder.physicsMaterial2D
  artifactKey: Guid(57d3c28741c2b2e47b5ce3dcae683f71) Importer(815301076,1909f56bfc062723c751e8b465ee728b)
Start importing Assets/RightBorder.physicsMaterial2D using Guid(57d3c28741c2b2e47b5ce3dcae683f71) Importer(815301076,1909f56bfc062723c751e8b465ee728b)  -> (artifact id: '5221dfd720039f727c8bdfce0a9c8a7e') in 0.004860 seconds
  Import took 0.008308 seconds .

========================================================================
Received Import Request.
  Time since last request: 5.562641 seconds.
  path: Assets/TopBorder.physicsMaterial2D
  artifactKey: Guid(b05cd3d730669404a988d9e9c2ae1992) Importer(815301076,1909f56bfc062723c751e8b465ee728b)
Start importing Assets/TopBorder.physicsMaterial2D using Guid(b05cd3d730669404a988d9e9c2ae1992) Importer(815301076,1909f56bfc062723c751e8b465ee728b)  -> (artifact id: 'c48784d3b29ea99d24f2a19f5b94f93e') in 0.003771 seconds
  Import took 0.007480 seconds .

========================================================================
Received Import Request.
  Time since last request: 190.464486 seconds.
  path: ProjectSettings/TagManager.asset
  artifactKey: Guid(00000000000000003000000000000000) Importer(815301076,1909f56bfc062723c751e8b465ee728b)
Start importing ProjectSettings/TagManager.asset using Guid(00000000000000003000000000000000) Importer(815301076,1909f56bfc062723c751e8b465ee728b)  -> (artifact id: '95df672b4aaba54310d34c83eef51bb8') in 0.005604 seconds
  Import took 0.009503 seconds .

========================================================================
Received Import Request.
  Time since last request: 0.001136 seconds.
  path: ProjectSettings/TagManager.asset
  artifactKey: Guid(00000000000000003000000000000000) Importer(815301076,1909f56bfc062723c751e8b465ee728b)
Start importing ProjectSettings/TagManager.asset using Guid(00000000000000003000000000000000) Importer(815301076,1909f56bfc062723c751e8b465ee728b)  -> (artifact id: '95df672b4aaba54310d34c83eef51bb8') in 0.002319 seconds
  Import took 0.006986 seconds .

========================================================================
Received Import Request.
  Time since last request: 187.270454 seconds.
  path: Assets/Racket.png
  artifactKey: Guid(8a22615ab360fcc4080e83ad703b2a75) Importer(815301076,1909f56bfc062723c751e8b465ee728b)
Start importing Assets/Racket.png using Guid(8a22615ab360fcc4080e83ad703b2a75) Importer(815301076,1909f56bfc062723c751e8b465ee728b)  -> (artifact id: 'ca72310f3b62ae5152fbb53491d16511') in 0.055035 seconds
  Import took 0.057981 seconds .

========================================================================
Received Import Request.
  Time since last request: 52.914222 seconds.
  path: Assets/Racket.png
  artifactKey: Guid(8a22615ab360fcc4080e83ad703b2a75) Importer(815301076,1909f56bfc062723c751e8b465ee728b)
Start importing Assets/Racket.png using Guid(8a22615ab360fcc4080e83ad703b2a75) Importer(815301076,1909f56bfc062723c751e8b465ee728b)  -> (artifact id: 'cf55e09636de189045c28acf29338ebe') in 0.010313 seconds
  Import took 0.013574 seconds .

========================================================================
Received Import Request.
  Time since last request: 0.005278 seconds.
  path: Assets/Racket.png
  artifactKey: Guid(8a22615ab360fcc4080e83ad703b2a75) Importer(815301076,1909f56bfc062723c751e8b465ee728b)
Start importing Assets/Racket.png using Guid(8a22615ab360fcc4080e83ad703b2a75) Importer(815301076,1909f56bfc062723c751e8b465ee728b)  -> (artifact id: 'cf55e09636de189045c28acf29338ebe') in 0.009067 seconds
  Import took 0.012152 seconds .

========================================================================
Received Import Request.
  Time since last request: 180.724790 seconds.
  path: Assets/Scripts
  artifactKey: Guid(20e5481b98f18fa42b696ad6ea3f2ff1) Importer(815301076,1909f56bfc062723c751e8b465ee728b)
Start importing Assets/Scripts using Guid(20e5481b98f18fa42b696ad6ea3f2ff1) Importer(815301076,1909f56bfc062723c751e8b465ee728b)  -> (artifact id: '9300962e7930c15ec02d1aaa8618968f') in 0.001319 seconds
  Import took 0.005179 seconds .

========================================================================
Received Prepare
Registering precompiled user dll's ...
Registered in 0.003136 seconds.
Begin MonoManager ReloadAssembly
Native extension for WindowsStandalone target not found
Native extension for WebGL target not found
Refreshing native plugins compatible for Editor in 0.42 ms, found 3 plugins.
Preloading 0 native plugins for Editor in 0.00 ms.
Mono: successfully reloaded assembly
- Completed reload, in  0.950 seconds
Platform modules already initialized, skipping
Refreshing native plugins compatible for Editor in 0.45 ms, found 3 plugins.
Preloading 0 native plugins for Editor in 0.00 ms.
Unloading 2076 Unused Serialized files (Serialized files now loaded: 0)
System memory in use before: 95.9 MB.
System memory in use after: 95.9 MB.

Unloading 23 unused Assets to reduce memory usage. Loaded Objects now: 2543.
Total: 2.291200 ms (FindLiveObjects: 0.194600 ms CreateObjectMapping: 0.059800 ms MarkObjects: 1.936800 ms  DeleteObjects: 0.099100 ms)

========================================================================
Received Import Request.
  Time since last request: 13.307436 seconds.
  path: Assets/Scripts/NewBehaviourScript.cs
  artifactKey: Guid(4f379cf70ba913d4b86a89cdf95c17ac) Importer(815301076,1909f56bfc062723c751e8b465ee728b)
Start importing Assets/Scripts/NewBehaviourScript.cs using Guid(4f379cf70ba913d4b86a89cdf95c17ac) Importer(815301076,1909f56bfc062723c751e8b465ee728b)  -> (artifact id: '96dfab54cb112668153e4e0039edbe3a') in 0.012968 seconds
  Import took 0.015907 seconds .

========================================================================
Received Prepare
Registering precompiled user dll's ...
Registered in 0.003015 seconds.
Begin MonoManager ReloadAssembly
Native extension for WindowsStandalone target not found
Native extension for WebGL target not found
Refreshing native plugins compatible for Editor in 0.40 ms, found 3 plugins.
Preloading 0 native plugins for Editor in 0.00 ms.
Mono: successfully reloaded assembly
- Completed reload, in  0.921 seconds
Platform modules already initialized, skipping
Refreshing native plugins compatible for Editor in 0.41 ms, found 3 plugins.
Preloading 0 native plugins for Editor in 0.00 ms.
Unloading 2075 Unused Serialized files (Serialized files now loaded: 0)
System memory in use before: 95.9 MB.
System memory in use after: 95.8 MB.

Unloading 22 unused Assets to reduce memory usage. Loaded Objects now: 2546.
Total: 2.372100 ms (FindLiveObjects: 0.239900 ms CreateObjectMapping: 0.082000 ms MarkObjects: 1.950300 ms  DeleteObjects: 0.098200 ms)

========================================================================
Received Import Request.
  Time since last request: 28.509135 seconds.
  path: Assets/Scripts/Racket.cs
  artifactKey: Guid(a7531ea15db8e7c45b8a4fff923a2c94) Importer(815301076,1909f56bfc062723c751e8b465ee728b)
Start importing Assets/Scripts/Racket.cs using Guid(a7531ea15db8e7c45b8a4fff923a2c94) Importer(815301076,1909f56bfc062723c751e8b465ee728b)  -> (artifact id: '1e45f8869140bd414955677c8d4a084d') in 0.003717 seconds
  Import took 0.006985 seconds .

========================================================================
Received Prepare
Registering precompiled user dll's ...
Registered in 0.003056 seconds.
Begin MonoManager ReloadAssembly
Native extension for WindowsStandalone target not found
Native extension for WebGL target not found
Refreshing native plugins compatible for Editor in 0.41 ms, found 3 plugins.
Preloading 0 native plugins for Editor in 0.00 ms.
Mono: successfully reloaded assembly
- Completed reload, in  0.950 seconds
Platform modules already initialized, skipping
Refreshing native plugins compatible for Editor in 0.42 ms, found 3 plugins.
Preloading 0 native plugins for Editor in 0.00 ms.
Unloading 2076 Unused Serialized files (Serialized files now loaded: 0)
System memory in use before: 95.9 MB.
System memory in use after: 95.9 MB.

Unloading 21 unused Assets to reduce memory usage. Loaded Objects now: 2551.
Total: 1.985600 ms (FindLiveObjects: 0.176100 ms CreateObjectMapping: 0.075800 ms MarkObjects: 1.639200 ms  DeleteObjects: 0.093500 ms)

========================================================================
Received Prepare
Registering precompiled user dll's ...
Registered in 0.003092 seconds.
Begin MonoManager ReloadAssembly
Native extension for WindowsStandalone target not found
Native extension for WebGL target not found
Refreshing native plugins compatible for Editor in 0.39 ms, found 3 plugins.
Preloading 0 native plugins for Editor in 0.00 ms.
Mono: successfully reloaded assembly
- Completed reload, in  0.896 seconds
Platform modules already initialized, skipping
Refreshing native plugins compatible for Editor in 0.39 ms, found 3 plugins.
Preloading 0 native plugins for Editor in 0.00 ms.
Unloading 2076 Unused Serialized files (Serialized files now loaded: 0)
System memory in use before: 95.9 MB.
System memory in use after: 95.9 MB.

Unloading 21 unused Assets to reduce memory usage. Loaded Objects now: 2555.
Total: 1.884200 ms (FindLiveObjects: 0.152700 ms CreateObjectMapping: 0.061500 ms MarkObjects: 1.580900 ms  DeleteObjects: 0.088300 ms)

========================================================================
Received Import Request.
  Time since last request: 369.691115 seconds.
  path: Assets/Scripts/Racket.cs
  artifactKey: Guid(a7531ea15db8e7c45b8a4fff923a2c94) Importer(815301076,1909f56bfc062723c751e8b465ee728b)
Start importing Assets/Scripts/Racket.cs using Guid(a7531ea15db8e7c45b8a4fff923a2c94) Importer(815301076,1909f56bfc062723c751e8b465ee728b)  -> (artifact id: '71a945886edd3a575164a4e3b738c535') in 0.003238 seconds
  Import took 0.005706 seconds .

========================================================================
Received Prepare
Registering precompiled user dll's ...
Registered in 0.004587 seconds.
Begin MonoManager ReloadAssembly
Native extension for WindowsStandalone target not found
Native extension for WebGL target not found
Refreshing native plugins compatible for Editor in 0.43 ms, found 3 plugins.
Preloading 0 native plugins for Editor in 0.00 ms.
Mono: successfully reloaded assembly
- Completed reload, in  0.971 seconds
Platform modules already initialized, skipping
Refreshing native plugins compatible for Editor in 0.42 ms, found 3 plugins.
Preloading 0 native plugins for Editor in 0.00 ms.
Unloading 2076 Unused Serialized files (Serialized files now loaded: 0)
System memory in use before: 95.9 MB.
System memory in use after: 95.9 MB.

Unloading 21 unused Assets to reduce memory usage. Loaded Objects now: 2559.
Total: 2.299600 ms (FindLiveObjects: 0.189400 ms CreateObjectMapping: 0.062500 ms MarkObjects: 1.951800 ms  DeleteObjects: 0.095000 ms)

========================================================================
Received Prepare
Registering precompiled user dll's ...
Registered in 0.003035 seconds.
Begin MonoManager ReloadAssembly
Native extension for WindowsStandalone target not found
Native extension for WebGL target not found
Refreshing native plugins compatible for Editor in 0.40 ms, found 3 plugins.
Preloading 0 native plugins for Editor in 0.00 ms.
Mono: successfully reloaded assembly
- Completed reload, in  0.867 seconds
Platform modules already initialized, skipping
Refreshing native plugins compatible for Editor in 0.40 ms, found 3 plugins.
Preloading 0 native plugins for Editor in 0.00 ms.
Unloading 2076 Unused Serialized files (Serialized files now loaded: 0)
System memory in use before: 95.9 MB.
System memory in use after: 95.9 MB.

Unloading 21 unused Assets to reduce memory usage. Loaded Objects now: 2563.
Total: 2.182400 ms (FindLiveObjects: 0.167100 ms CreateObjectMapping: 0.070600 ms MarkObjects: 1.848000 ms  DeleteObjects: 0.095900 ms)

========================================================================
Received Prepare
Registering precompiled user dll's ...
Registered in 0.003037 seconds.
Begin MonoManager ReloadAssembly
Native extension for WindowsStandalone target not found
Native extension for WebGL target not found
Refreshing native plugins compatible for Editor in 0.40 ms, found 3 plugins.
Preloading 0 native plugins for Editor in 0.00 ms.
Mono: successfully reloaded assembly
- Completed reload, in  0.861 seconds
Platform modules already initialized, skipping
Refreshing native plugins compatible for Editor in 0.41 ms, found 3 plugins.
Preloading 0 native plugins for Editor in 0.00 ms.
Unloading 2076 Unused Serialized files (Serialized files now loaded: 0)
System memory in use before: 95.9 MB.
System memory in use after: 95.9 MB.

Unloading 21 unused Assets to reduce memory usage. Loaded Objects now: 2567.
Total: 2.207900 ms (FindLiveObjects: 0.169500 ms CreateObjectMapping: 0.071500 ms MarkObjects: 1.873700 ms  DeleteObjects: 0.092500 ms)

========================================================================
Received Prepare
Registering precompiled user dll's ...
Registered in 0.003471 seconds.
Begin MonoManager ReloadAssembly
Native extension for WindowsStandalone target not found
Native extension for WebGL target not found
Refreshing native plugins compatible for Editor in 0.40 ms, found 3 plugins.
Preloading 0 native plugins for Editor in 0.00 ms.
Mono: successfully reloaded assembly
- Completed reload, in  0.881 seconds
Platform modules already initialized, skipping
Refreshing native plugins compatible for Editor in 0.40 ms, found 3 plugins.
Preloading 0 native plugins for Editor in 0.00 ms.
Unloading 2076 Unused Serialized files (Serialized files now loaded: 0)
System memory in use before: 95.9 MB.
System memory in use after: 95.9 MB.

Unloading 21 unused Assets to reduce memory usage. Loaded Objects now: 2571.
Total: 2.222600 ms (FindLiveObjects: 0.159000 ms CreateObjectMapping: 0.061800 ms MarkObjects: 1.907500 ms  DeleteObjects: 0.093700 ms)

========================================================================
Received Prepare
Registering precompiled user dll's ...
Registered in 0.004098 seconds.
Begin MonoManager ReloadAssembly
Native extension for WindowsStandalone target not found
Native extension for WebGL target not found
Refreshing native plugins compatible for Editor in 0.45 ms, found 3 plugins.
Preloading 0 native plugins for Editor in 0.00 ms.
Mono: successfully reloaded assembly
- Completed reload, in  0.930 seconds
Platform modules already initialized, skipping
Refreshing native plugins compatible for Editor in 0.41 ms, found 3 plugins.
Preloading 0 native plugins for Editor in 0.00 ms.
Unloading 2076 Unused Serialized files (Serialized files now loaded: 0)
System memory in use before: 95.9 MB.
System memory in use after: 95.9 MB.

Unloading 21 unused Assets to reduce memory usage. Loaded Objects now: 2575.
Total: 2.391300 ms (FindLiveObjects: 0.187800 ms CreateObjectMapping: 0.080500 ms MarkObjects: 2.019000 ms  DeleteObjects: 0.102700 ms)

========================================================================
Received Prepare
Registering precompiled user dll's ...
Registered in 0.005684 seconds.
Begin MonoManager ReloadAssembly
Native extension for WindowsStandalone target not found
Native extension for WebGL target not found
Refreshing native plugins compatible for Editor in 0.50 ms, found 3 plugins.
Preloading 0 native plugins for Editor in 0.00 ms.
Mono: successfully reloaded assembly
- Completed reload, in  1.164 seconds
Platform modules already initialized, skipping
Refreshing native plugins compatible for Editor in 0.49 ms, found 3 plugins.
Preloading 0 native plugins for Editor in 0.00 ms.
Unloading 2076 Unused Serialized files (Serialized files now loaded: 0)
System memory in use before: 96.0 MB.
System memory in use after: 95.9 MB.

Unloading 21 unused Assets to reduce memory usage. Loaded Objects now: 2579.
Total: 3.132200 ms (FindLiveObjects: 0.273600 ms CreateObjectMapping: 0.091300 ms MarkObjects: 2.641700 ms  DeleteObjects: 0.123300 ms)

========================================================================
Received Prepare
Registering precompiled user dll's ...
Registered in 0.003179 seconds.
Begin MonoManager ReloadAssembly
Native extension for WindowsStandalone target not found
Native extension for WebGL target not found
Refreshing native plugins compatible for Editor in 0.41 ms, found 3 plugins.
Preloading 0 native plugins for Editor in 0.00 ms.
Mono: successfully reloaded assembly
- Completed reload, in  0.934 seconds
Platform modules already initialized, skipping
Refreshing native plugins compatible for Editor in 0.42 ms, found 3 plugins.
Preloading 0 native plugins for Editor in 0.00 ms.
Unloading 2076 Unused Serialized files (Serialized files now loaded: 0)
System memory in use before: 96.0 MB.
System memory in use after: 95.9 MB.

Unloading 21 unused Assets to reduce memory usage. Loaded Objects now: 2583.
Total: 2.260800 ms (FindLiveObjects: 0.179800 ms CreateObjectMapping: 0.074000 ms MarkObjects: 1.909800 ms  DeleteObjects: 0.096400 ms)

========================================================================
Received Prepare
Registering precompiled user dll's ...
Registered in 0.003468 seconds.
Begin MonoManager ReloadAssembly
Native extension for WindowsStandalone target not found
Native extension for WebGL target not found
Refreshing native plugins compatible for Editor in 0.39 ms, found 3 plugins.
Preloading 0 native plugins for Editor in 0.00 ms.
Mono: successfully reloaded assembly
- Completed reload, in  0.871 seconds
Platform modules already initialized, skipping
Refreshing native plugins compatible for Editor in 0.40 ms, found 3 plugins.
Preloading 0 native plugins for Editor in 0.00 ms.
Unloading 2076 Unused Serialized files (Serialized files now loaded: 0)
System memory in use before: 96.0 MB.
System memory in use after: 96.0 MB.

Unloading 21 unused Assets to reduce memory usage. Loaded Objects now: 2587.
Total: 2.171000 ms (FindLiveObjects: 0.163200 ms CreateObjectMapping: 0.061500 ms MarkObjects: 1.854800 ms  DeleteObjects: 0.090900 ms)

========================================================================
Received Prepare
Registering precompiled user dll's ...
Registered in 0.003357 seconds.
Begin MonoManager ReloadAssembly
Native extension for WindowsStandalone target not found
Native extension for WebGL target not found
Refreshing native plugins compatible for Editor in 1.22 ms, found 3 plugins.
Preloading 0 native plugins for Editor in 0.00 ms.
Mono: successfully reloaded assembly
- Completed reload, in  2.914 seconds
Platform modules already initialized, skipping
Refreshing native plugins compatible for Editor in 0.81 ms, found 3 plugins.
Preloading 0 native plugins for Editor in 0.00 ms.
Unloading 2076 Unused Serialized files (Serialized files now loaded: 0)
System memory in use before: 96.0 MB.
System memory in use after: 96.0 MB.

Unloading 21 unused Assets to reduce memory usage. Loaded Objects now: 2591.
Total: 2.956800 ms (FindLiveObjects: 0.243100 ms CreateObjectMapping: 0.094900 ms MarkObjects: 2.501700 ms  DeleteObjects: 0.115200 ms)

========================================================================
Received Prepare
Registering precompiled user dll's ...
Registered in 0.003337 seconds.
Begin MonoManager ReloadAssembly
Native extension for WindowsStandalone target not found
Native extension for WebGL target not found
Refreshing native plugins compatible for Editor in 0.44 ms, found 3 plugins.
Preloading 0 native plugins for Editor in 0.00 ms.
Mono: successfully reloaded assembly
- Completed reload, in  0.871 seconds
Platform modules already initialized, skipping
Refreshing native plugins compatible for Editor in 0.40 ms, found 3 plugins.
Preloading 0 native plugins for Editor in 0.00 ms.
Unloading 2076 Unused Serialized files (Serialized files now loaded: 0)
System memory in use before: 96.0 MB.
System memory in use after: 96.0 MB.

Unloading 21 unused Assets to reduce memory usage. Loaded Objects now: 2595.
Total: 2.266700 ms (FindLiveObjects: 0.217800 ms CreateObjectMapping: 0.070600 ms MarkObjects: 1.881200 ms  DeleteObjects: 0.096100 ms)

========================================================================
Received Prepare
Registering precompiled user dll's ...
Registered in 0.003406 seconds.
Begin MonoManager ReloadAssembly
Native extension for WindowsStandalone target not found
Native extension for WebGL target not found
Refreshing native plugins compatible for Editor in 0.40 ms, found 3 plugins.
Preloading 0 native plugins for Editor in 0.00 ms.
Mono: successfully reloaded assembly
- Completed reload, in  0.930 seconds
Platform modules already initialized, skipping
Refreshing native plugins compatible for Editor in 0.48 ms, found 3 plugins.
Preloading 0 native plugins for Editor in 0.00 ms.
Unloading 2076 Unused Serialized files (Serialized files now loaded: 0)
System memory in use before: 96.0 MB.
System memory in use after: 96.0 MB.

Unloading 21 unused Assets to reduce memory usage. Loaded Objects now: 2599.
Total: 2.272700 ms (FindLiveObjects: 0.167100 ms CreateObjectMapping: 0.064900 ms MarkObjects: 1.949200 ms  DeleteObjects: 0.090700 ms)

AssetImportWorkerClient::OnTransportError - code=2 error=End of file
